{"/Users/guidotapia/Documents/proyectos/rimac-frontend-challenge/src/App.tsx": {"path":"/Users/guidotapia/Documents/proyectos/rimac-frontend-challenge/src/App.tsx","all":false,"statementMap":{"0":{"start":{"line":1,"column":0},"end":{"line":1,"column":33}},"1":{"start":{"line":2,"column":0},"end":{"line":2,"column":43}},"2":{"start":{"line":3,"column":0},"end":{"line":3,"column":33}},"3":{"start":{"line":4,"column":0},"end":{"line":4,"column":48}},"4":{"start":{"line":5,"column":0},"end":{"line":5,"column":8}},"13":{"start":{"line":14,"column":0},"end":{"line":14,"column":16}},"14":{"start":{"line":15,"column":0},"end":{"line":15,"column":40}},"16":{"start":{"line":17,"column":0},"end":{"line":17,"column":10}},"17":{"start":{"line":18,"column":0},"end":{"line":18,"column":31}},"18":{"start":{"line":19,"column":0},"end":{"line":19,"column":40}},"19":{"start":{"line":20,"column":0},"end":{"line":20,"column":68}},"20":{"start":{"line":21,"column":0},"end":{"line":21,"column":48}},"21":{"start":{"line":22,"column":0},"end":{"line":22,"column":12}},"22":{"start":{"line":23,"column":0},"end":{"line":23,"column":52}},"23":{"start":{"line":24,"column":0},"end":{"line":24,"column":50}},"24":{"start":{"line":25,"column":0},"end":{"line":25,"column":12}},"25":{"start":{"line":26,"column":0},"end":{"line":26,"column":12}},"26":{"start":{"line":27,"column":0},"end":{"line":27,"column":31}},"27":{"start":{"line":28,"column":0},"end":{"line":28,"column":37}},"28":{"start":{"line":29,"column":0},"end":{"line":29,"column":32}},"29":{"start":{"line":30,"column":0},"end":{"line":30,"column":31}},"30":{"start":{"line":31,"column":0},"end":{"line":31,"column":15}},"31":{"start":{"line":32,"column":0},"end":{"line":32,"column":20}},"32":{"start":{"line":33,"column":0},"end":{"line":33,"column":18}},"33":{"start":{"line":34,"column":0},"end":{"line":34,"column":43}},"34":{"start":{"line":35,"column":0},"end":{"line":35,"column":45}},"35":{"start":{"line":36,"column":0},"end":{"line":36,"column":10}},"36":{"start":{"line":37,"column":0},"end":{"line":37,"column":8}},"37":{"start":{"line":38,"column":0},"end":{"line":38,"column":14}},"38":{"start":{"line":39,"column":0},"end":{"line":39,"column":55}},"39":{"start":{"line":40,"column":0},"end":{"line":40,"column":23}},"40":{"start":{"line":41,"column":0},"end":{"line":41,"column":8}},"41":{"start":{"line":42,"column":0},"end":{"line":42,"column":76}},"43":{"start":{"line":44,"column":0},"end":{"line":44,"column":63}},"45":{"start":{"line":46,"column":0},"end":{"line":46,"column":28}},"46":{"start":{"line":47,"column":0},"end":{"line":47,"column":39}},"47":{"start":{"line":48,"column":0},"end":{"line":48,"column":17}},"48":{"start":{"line":49,"column":0},"end":{"line":49,"column":51}},"49":{"start":{"line":50,"column":0},"end":{"line":50,"column":56}},"50":{"start":{"line":51,"column":0},"end":{"line":51,"column":11}},"51":{"start":{"line":52,"column":0},"end":{"line":52,"column":28}},"52":{"start":{"line":53,"column":0},"end":{"line":53,"column":19}},"53":{"start":{"line":54,"column":0},"end":{"line":54,"column":30}},"54":{"start":{"line":55,"column":0},"end":{"line":55,"column":62}},"55":{"start":{"line":56,"column":0},"end":{"line":56,"column":14}},"56":{"start":{"line":57,"column":0},"end":{"line":57,"column":14}},"57":{"start":{"line":58,"column":0},"end":{"line":58,"column":12}},"59":{"start":{"line":60,"column":0},"end":{"line":60,"column":38}},"61":{"start":{"line":62,"column":0},"end":{"line":62,"column":10}},"62":{"start":{"line":63,"column":0},"end":{"line":63,"column":10}},"64":{"start":{"line":65,"column":0},"end":{"line":65,"column":1}},"66":{"start":{"line":67,"column":0},"end":{"line":67,"column":19}}},"s":{"0":1,"1":1,"2":1,"3":1,"4":1,"13":5,"14":5,"16":5,"17":5,"18":5,"19":5,"20":5,"21":5,"22":5,"23":5,"24":5,"25":5,"26":5,"27":5,"28":5,"29":5,"30":5,"31":5,"32":5,"33":5,"34":5,"35":5,"36":5,"37":5,"38":5,"39":5,"40":5,"41":5,"43":5,"45":5,"46":5,"47":5,"48":5,"49":5,"50":5,"51":5,"52":5,"53":5,"54":5,"55":5,"56":5,"57":5,"59":5,"61":5,"62":5,"64":5,"66":1},"branchMap":{"0":{"type":"branch","line":14,"loc":{"start":{"line":14,"column":0},"end":{"line":65,"column":1}},"locations":[{"start":{"line":14,"column":0},"end":{"line":65,"column":1}}]},"1":{"type":"branch","line":50,"loc":{"start":{"line":50,"column":21},"end":{"line":50,"column":56}},"locations":[{"start":{"line":50,"column":21},"end":{"line":50,"column":56}}]},"2":{"type":"branch","line":50,"loc":{"start":{"line":50,"column":36},"end":{"line":50,"column":54}},"locations":[{"start":{"line":50,"column":36},"end":{"line":50,"column":54}}]}},"b":{"0":[5],"1":[1],"2":[1]},"fnMap":{"0":{"name":"App","decl":{"start":{"line":14,"column":0},"end":{"line":65,"column":1}},"loc":{"start":{"line":14,"column":0},"end":{"line":65,"column":1}},"line":14},"1":{"name":"onPageChange","decl":{"start":{"line":42,"column":64},"end":{"line":42,"column":74}},"loc":{"start":{"line":42,"column":64},"end":{"line":42,"column":74}},"line":42},"2":{"name":"onClick","decl":{"start":{"line":50,"column":21},"end":{"line":50,"column":56}},"loc":{"start":{"line":50,"column":21},"end":{"line":50,"column":56}},"line":50}},"f":{"0":5,"1":0,"2":1}}
,"/Users/guidotapia/Documents/proyectos/rimac-frontend-challenge/src/main.tsx": {"path":"/Users/guidotapia/Documents/proyectos/rimac-frontend-challenge/src/main.tsx","all":true,"statementMap":{"0":{"start":{"line":1,"column":0},"end":{"line":1,"column":35}},"1":{"start":{"line":2,"column":0},"end":{"line":2,"column":46}},"2":{"start":{"line":3,"column":0},"end":{"line":3,"column":28}},"3":{"start":{"line":4,"column":0},"end":{"line":4,"column":28}},"5":{"start":{"line":6,"column":0},"end":{"line":6,"column":52}},"6":{"start":{"line":7,"column":0},"end":{"line":7,"column":60}},"8":{"start":{"line":9,"column":0},"end":{"line":9,"column":31}},"9":{"start":{"line":10,"column":0},"end":{"line":10,"column":14}},"10":{"start":{"line":11,"column":0},"end":{"line":11,"column":11}},"11":{"start":{"line":12,"column":0},"end":{"line":12,"column":15}},"12":{"start":{"line":13,"column":0},"end":{"line":13,"column":2}}},"s":{"0":0,"1":0,"2":0,"3":0,"5":0,"6":0,"8":0,"9":0,"10":0,"11":0,"12":0},"branchMap":{"0":{"type":"branch","line":1,"loc":{"start":{"line":1,"column":308},"end":{"line":13,"column":-221}},"locations":[{"start":{"line":1,"column":308},"end":{"line":13,"column":-221}}]}},"b":{"0":[0]},"fnMap":{"0":{"name":"(empty-report)","decl":{"start":{"line":1,"column":308},"end":{"line":13,"column":-221}},"loc":{"start":{"line":1,"column":308},"end":{"line":13,"column":-221}},"line":1}},"f":{"0":0}}
,"/Users/guidotapia/Documents/proyectos/rimac-frontend-challenge/src/components/index.tsx": {"path":"/Users/guidotapia/Documents/proyectos/rimac-frontend-challenge/src/components/index.tsx","all":false,"statementMap":{"0":{"start":{"line":1,"column":0},"end":{"line":1,"column":52}},"1":{"start":{"line":2,"column":0},"end":{"line":2,"column":58}},"2":{"start":{"line":3,"column":0},"end":{"line":3,"column":61}},"3":{"start":{"line":4,"column":0},"end":{"line":4,"column":63}},"4":{"start":{"line":5,"column":0},"end":{"line":5,"column":58}},"5":{"start":{"line":6,"column":0},"end":{"line":6,"column":55}},"6":{"start":{"line":7,"column":0},"end":{"line":7,"column":64}}},"s":{"0":1,"1":1,"2":1,"3":1,"4":1,"5":1,"6":1},"branchMap":{},"b":{},"fnMap":{},"f":{}}
,"/Users/guidotapia/Documents/proyectos/rimac-frontend-challenge/src/components/button/button.tsx": {"path":"/Users/guidotapia/Documents/proyectos/rimac-frontend-challenge/src/components/button/button.tsx","all":false,"statementMap":{"0":{"start":{"line":1,"column":0},"end":{"line":1,"column":26}},"1":{"start":{"line":2,"column":0},"end":{"line":2,"column":42}},"13":{"start":{"line":14,"column":0},"end":{"line":14,"column":40}},"14":{"start":{"line":15,"column":0},"end":{"line":15,"column":11}},"15":{"start":{"line":16,"column":0},"end":{"line":16,"column":22}},"16":{"start":{"line":17,"column":0},"end":{"line":17,"column":19}},"17":{"start":{"line":18,"column":0},"end":{"line":18,"column":20}},"18":{"start":{"line":19,"column":0},"end":{"line":19,"column":11}},"19":{"start":{"line":20,"column":0},"end":{"line":20,"column":12}},"20":{"start":{"line":21,"column":0},"end":{"line":21,"column":9}},"21":{"start":{"line":22,"column":0},"end":{"line":22,"column":7}},"22":{"start":{"line":23,"column":0},"end":{"line":23,"column":19}},"23":{"start":{"line":24,"column":0},"end":{"line":24,"column":18}},"24":{"start":{"line":25,"column":0},"end":{"line":25,"column":33}},"25":{"start":{"line":26,"column":0},"end":{"line":26,"column":30}},"26":{"start":{"line":27,"column":0},"end":{"line":27,"column":49}},"27":{"start":{"line":28,"column":0},"end":{"line":28,"column":47}},"28":{"start":{"line":29,"column":0},"end":{"line":29,"column":14}},"29":{"start":{"line":30,"column":0},"end":{"line":30,"column":3}},"30":{"start":{"line":31,"column":0},"end":{"line":31,"column":20}},"31":{"start":{"line":32,"column":0},"end":{"line":32,"column":15}},"33":{"start":{"line":34,"column":0},"end":{"line":34,"column":10}},"34":{"start":{"line":35,"column":0},"end":{"line":35,"column":62}},"35":{"start":{"line":36,"column":0},"end":{"line":36,"column":65}},"36":{"start":{"line":37,"column":0},"end":{"line":37,"column":13}},"38":{"start":{"line":39,"column":0},"end":{"line":39,"column":2}},"40":{"start":{"line":41,"column":0},"end":{"line":41,"column":22}}},"s":{"0":1,"1":1,"13":1,"14":14,"15":14,"16":14,"17":14,"18":14,"19":14,"20":14,"21":14,"22":14,"23":14,"24":14,"25":14,"26":14,"27":14,"28":14,"29":14,"30":14,"31":14,"33":14,"34":14,"35":14,"36":14,"38":14,"40":1},"branchMap":{"0":{"type":"branch","line":14,"loc":{"start":{"line":14,"column":38},"end":{"line":39,"column":2}},"locations":[{"start":{"line":14,"column":38},"end":{"line":39,"column":2}}]},"1":{"type":"branch","line":27,"loc":{"start":{"line":27,"column":4},"end":{"line":27,"column":46}},"locations":[{"start":{"line":27,"column":4},"end":{"line":27,"column":46}}]},"2":{"type":"branch","line":27,"loc":{"start":{"line":27,"column":42},"end":{"line":27,"column":49}},"locations":[{"start":{"line":27,"column":42},"end":{"line":27,"column":49}}]},"3":{"type":"branch","line":28,"loc":{"start":{"line":28,"column":4},"end":{"line":28,"column":44}},"locations":[{"start":{"line":28,"column":4},"end":{"line":28,"column":44}}]},"4":{"type":"branch","line":28,"loc":{"start":{"line":28,"column":40},"end":{"line":28,"column":47}},"locations":[{"start":{"line":28,"column":40},"end":{"line":28,"column":47}}]}},"b":{"0":[14],"1":[1],"2":[13],"3":[2],"4":[12]},"fnMap":{"0":{"name":"Button","decl":{"start":{"line":14,"column":38},"end":{"line":39,"column":2}},"loc":{"start":{"line":14,"column":38},"end":{"line":39,"column":2}},"line":14}},"f":{"0":14}}
,"/Users/guidotapia/Documents/proyectos/rimac-frontend-challenge/src/components/checkbox/checkbox.tsx": {"path":"/Users/guidotapia/Documents/proyectos/rimac-frontend-challenge/src/components/checkbox/checkbox.tsx","all":false,"statementMap":{"0":{"start":{"line":1,"column":0},"end":{"line":1,"column":26}},"1":{"start":{"line":2,"column":0},"end":{"line":2,"column":44}},"9":{"start":{"line":10,"column":0},"end":{"line":10,"column":67}},"10":{"start":{"line":11,"column":0},"end":{"line":11,"column":60}},"11":{"start":{"line":12,"column":0},"end":{"line":12,"column":25}},"12":{"start":{"line":13,"column":0},"end":{"line":13,"column":22}},"13":{"start":{"line":14,"column":0},"end":{"line":14,"column":51}},"14":{"start":{"line":15,"column":0},"end":{"line":15,"column":45}},"15":{"start":{"line":16,"column":0},"end":{"line":16,"column":16}},"16":{"start":{"line":17,"column":0},"end":{"line":17,"column":5}},"17":{"start":{"line":18,"column":0},"end":{"line":18,"column":22}},"18":{"start":{"line":19,"column":0},"end":{"line":19,"column":17}},"20":{"start":{"line":21,"column":0},"end":{"line":21,"column":12}},"21":{"start":{"line":22,"column":0},"end":{"line":22,"column":37}},"22":{"start":{"line":23,"column":0},"end":{"line":23,"column":14}},"23":{"start":{"line":24,"column":0},"end":{"line":24,"column":19}},"24":{"start":{"line":25,"column":0},"end":{"line":25,"column":25}},"25":{"start":{"line":26,"column":0},"end":{"line":26,"column":47}},"26":{"start":{"line":27,"column":0},"end":{"line":27,"column":29}},"27":{"start":{"line":28,"column":0},"end":{"line":28,"column":32}},"28":{"start":{"line":29,"column":0},"end":{"line":29,"column":19}},"29":{"start":{"line":30,"column":0},"end":{"line":30,"column":10}},"30":{"start":{"line":31,"column":0},"end":{"line":31,"column":64}},"31":{"start":{"line":32,"column":0},"end":{"line":32,"column":18}},"32":{"start":{"line":33,"column":0},"end":{"line":33,"column":68}},"33":{"start":{"line":34,"column":0},"end":{"line":34,"column":17}},"34":{"start":{"line":35,"column":0},"end":{"line":35,"column":18}},"35":{"start":{"line":36,"column":0},"end":{"line":36,"column":68}},"36":{"start":{"line":37,"column":0},"end":{"line":37,"column":17}},"37":{"start":{"line":38,"column":0},"end":{"line":38,"column":14}},"39":{"start":{"line":40,"column":0},"end":{"line":40,"column":3}},"40":{"start":{"line":41,"column":0},"end":{"line":41,"column":2}},"42":{"start":{"line":43,"column":0},"end":{"line":43,"column":34}},"43":{"start":{"line":44,"column":0},"end":{"line":44,"column":24}}},"s":{"0":1,"1":1,"9":1,"10":1,"11":17,"12":17,"13":17,"14":17,"15":17,"16":17,"17":17,"18":17,"20":17,"21":17,"22":17,"23":17,"24":17,"25":17,"26":17,"27":17,"28":17,"29":17,"30":17,"31":17,"32":16,"33":1,"34":17,"35":2,"36":15,"37":17,"39":17,"40":1,"42":1,"43":1},"branchMap":{"0":{"type":"branch","line":11,"loc":{"start":{"line":11,"column":2},"end":{"line":40,"column":3}},"locations":[{"start":{"line":11,"column":2},"end":{"line":40,"column":3}}]},"1":{"type":"branch","line":14,"loc":{"start":{"line":14,"column":6},"end":{"line":14,"column":48}},"locations":[{"start":{"line":14,"column":6},"end":{"line":14,"column":48}}]},"2":{"type":"branch","line":14,"loc":{"start":{"line":14,"column":44},"end":{"line":14,"column":51}},"locations":[{"start":{"line":14,"column":44},"end":{"line":14,"column":51}}]},"3":{"type":"branch","line":15,"loc":{"start":{"line":15,"column":6},"end":{"line":15,"column":42}},"locations":[{"start":{"line":15,"column":6},"end":{"line":15,"column":42}}]},"4":{"type":"branch","line":15,"loc":{"start":{"line":15,"column":38},"end":{"line":15,"column":45}},"locations":[{"start":{"line":15,"column":38},"end":{"line":15,"column":45}}]},"5":{"type":"branch","line":32,"loc":{"start":{"line":32,"column":9},"end":{"line":33,"column":68}},"locations":[{"start":{"line":32,"column":9},"end":{"line":33,"column":68}}]},"6":{"type":"branch","line":33,"loc":{"start":{"line":33,"column":61},"end":{"line":34,"column":17}},"locations":[{"start":{"line":33,"column":61},"end":{"line":34,"column":17}}]},"7":{"type":"branch","line":35,"loc":{"start":{"line":35,"column":9},"end":{"line":36,"column":68}},"locations":[{"start":{"line":35,"column":9},"end":{"line":36,"column":68}}]},"8":{"type":"branch","line":36,"loc":{"start":{"line":36,"column":61},"end":{"line":37,"column":17}},"locations":[{"start":{"line":36,"column":61},"end":{"line":37,"column":17}}]}},"b":{"0":[17],"1":[1],"2":[16],"3":[2],"4":[15],"5":[16],"6":[1],"7":[2],"8":[15]},"fnMap":{},"f":{}}
,"/Users/guidotapia/Documents/proyectos/rimac-frontend-challenge/src/components/dropdown/dropdown.tsx": {"path":"/Users/guidotapia/Documents/proyectos/rimac-frontend-challenge/src/components/dropdown/dropdown.tsx","all":false,"statementMap":{"0":{"start":{"line":1,"column":0},"end":{"line":1,"column":26}},"1":{"start":{"line":2,"column":0},"end":{"line":2,"column":44}},"21":{"start":{"line":22,"column":0},"end":{"line":22,"column":68}},"22":{"start":{"line":23,"column":0},"end":{"line":23,"column":3}},"23":{"start":{"line":24,"column":0},"end":{"line":24,"column":5}},"24":{"start":{"line":25,"column":0},"end":{"line":25,"column":12}},"25":{"start":{"line":26,"column":0},"end":{"line":26,"column":17}},"26":{"start":{"line":27,"column":0},"end":{"line":27,"column":12}},"27":{"start":{"line":28,"column":0},"end":{"line":28,"column":18}},"28":{"start":{"line":29,"column":0},"end":{"line":29,"column":14}},"29":{"start":{"line":30,"column":0},"end":{"line":30,"column":24}},"30":{"start":{"line":31,"column":0},"end":{"line":31,"column":16}},"31":{"start":{"line":32,"column":0},"end":{"line":32,"column":13}},"32":{"start":{"line":33,"column":0},"end":{"line":33,"column":6}},"33":{"start":{"line":34,"column":0},"end":{"line":34,"column":7}},"34":{"start":{"line":35,"column":0},"end":{"line":35,"column":8}},"35":{"start":{"line":36,"column":0},"end":{"line":36,"column":73}},"36":{"start":{"line":37,"column":0},"end":{"line":37,"column":18}},"37":{"start":{"line":38,"column":0},"end":{"line":38,"column":22}},"38":{"start":{"line":39,"column":0},"end":{"line":39,"column":34}},"39":{"start":{"line":40,"column":0},"end":{"line":40,"column":53}},"40":{"start":{"line":41,"column":0},"end":{"line":41,"column":45}},"41":{"start":{"line":42,"column":0},"end":{"line":42,"column":16}},"42":{"start":{"line":43,"column":0},"end":{"line":43,"column":5}},"43":{"start":{"line":44,"column":0},"end":{"line":44,"column":22}},"44":{"start":{"line":45,"column":0},"end":{"line":45,"column":17}},"46":{"start":{"line":47,"column":0},"end":{"line":47,"column":29}},"47":{"start":{"line":48,"column":0},"end":{"line":48,"column":19}},"48":{"start":{"line":49,"column":0},"end":{"line":49,"column":18}},"49":{"start":{"line":50,"column":0},"end":{"line":50,"column":22}},"50":{"start":{"line":51,"column":0},"end":{"line":51,"column":20}},"52":{"start":{"line":53,"column":0},"end":{"line":53,"column":12}},"53":{"start":{"line":54,"column":0},"end":{"line":54,"column":56}},"54":{"start":{"line":55,"column":0},"end":{"line":55,"column":19}},"55":{"start":{"line":56,"column":0},"end":{"line":56,"column":68}},"56":{"start":{"line":57,"column":0},"end":{"line":57,"column":19}},"57":{"start":{"line":58,"column":0},"end":{"line":58,"column":18}},"59":{"start":{"line":60,"column":0},"end":{"line":60,"column":50}},"60":{"start":{"line":61,"column":0},"end":{"line":61,"column":17}},"61":{"start":{"line":62,"column":0},"end":{"line":62,"column":21}},"62":{"start":{"line":63,"column":0},"end":{"line":63,"column":19}},"63":{"start":{"line":64,"column":0},"end":{"line":64,"column":50}},"64":{"start":{"line":65,"column":0},"end":{"line":65,"column":34}},"65":{"start":{"line":66,"column":0},"end":{"line":66,"column":42}},"66":{"start":{"line":67,"column":0},"end":{"line":67,"column":21}},"68":{"start":{"line":69,"column":0},"end":{"line":69,"column":33}},"69":{"start":{"line":70,"column":0},"end":{"line":70,"column":21}},"70":{"start":{"line":71,"column":0},"end":{"line":71,"column":39}},"71":{"start":{"line":72,"column":0},"end":{"line":72,"column":33}},"72":{"start":{"line":73,"column":0},"end":{"line":73,"column":39}},"74":{"start":{"line":75,"column":0},"end":{"line":75,"column":27}},"75":{"start":{"line":76,"column":0},"end":{"line":76,"column":23}},"76":{"start":{"line":77,"column":0},"end":{"line":77,"column":15}},"77":{"start":{"line":78,"column":0},"end":{"line":78,"column":19}},"78":{"start":{"line":79,"column":0},"end":{"line":79,"column":65}},"80":{"start":{"line":81,"column":0},"end":{"line":81,"column":17}},"81":{"start":{"line":82,"column":0},"end":{"line":82,"column":14}},"82":{"start":{"line":83,"column":0},"end":{"line":83,"column":34}},"83":{"start":{"line":84,"column":0},"end":{"line":84,"column":72}},"84":{"start":{"line":85,"column":0},"end":{"line":85,"column":24}},"85":{"start":{"line":86,"column":0},"end":{"line":86,"column":16}},"87":{"start":{"line":88,"column":0},"end":{"line":88,"column":19}},"88":{"start":{"line":89,"column":0},"end":{"line":89,"column":70}},"89":{"start":{"line":90,"column":0},"end":{"line":90,"column":19}},"90":{"start":{"line":91,"column":0},"end":{"line":91,"column":16}},"92":{"start":{"line":93,"column":0},"end":{"line":93,"column":12}},"94":{"start":{"line":95,"column":0},"end":{"line":95,"column":3}},"95":{"start":{"line":96,"column":0},"end":{"line":96,"column":2}},"97":{"start":{"line":98,"column":0},"end":{"line":98,"column":34}},"98":{"start":{"line":99,"column":0},"end":{"line":99,"column":24}}},"s":{"0":1,"1":1,"21":1,"22":1,"23":15,"24":15,"25":15,"26":15,"27":15,"28":15,"29":15,"30":15,"31":15,"32":15,"33":15,"34":15,"35":15,"36":15,"37":15,"38":15,"39":15,"40":15,"41":15,"42":15,"43":15,"44":15,"46":15,"47":1,"48":14,"49":1,"50":13,"52":15,"53":15,"54":15,"55":6,"56":6,"57":6,"59":15,"60":15,"61":15,"62":15,"63":15,"64":15,"65":15,"66":15,"68":15,"69":40,"70":40,"71":40,"72":40,"74":40,"75":40,"76":15,"77":15,"78":15,"80":15,"81":15,"82":15,"83":1,"84":1,"85":1,"87":15,"88":1,"89":1,"90":1,"92":15,"94":15,"95":1,"97":1,"98":1},"branchMap":{"0":{"type":"branch","line":23,"loc":{"start":{"line":23,"column":2},"end":{"line":95,"column":3}},"locations":[{"start":{"line":23,"column":2},"end":{"line":95,"column":3}}]},"1":{"type":"branch","line":36,"loc":{"start":{"line":36,"column":20},"end":{"line":36,"column":73}},"locations":[{"start":{"line":36,"column":20},"end":{"line":36,"column":73}}]},"2":{"type":"branch","line":40,"loc":{"start":{"line":40,"column":6},"end":{"line":40,"column":50}},"locations":[{"start":{"line":40,"column":6},"end":{"line":40,"column":50}}]},"3":{"type":"branch","line":40,"loc":{"start":{"line":40,"column":46},"end":{"line":40,"column":53}},"locations":[{"start":{"line":40,"column":46},"end":{"line":40,"column":53}}]},"4":{"type":"branch","line":41,"loc":{"start":{"line":41,"column":6},"end":{"line":41,"column":42}},"locations":[{"start":{"line":41,"column":6},"end":{"line":41,"column":42}}]},"5":{"type":"branch","line":41,"loc":{"start":{"line":41,"column":38},"end":{"line":41,"column":45}},"locations":[{"start":{"line":41,"column":38},"end":{"line":41,"column":45}}]},"6":{"type":"branch","line":47,"loc":{"start":{"line":47,"column":24},"end":{"line":48,"column":19}},"locations":[{"start":{"line":47,"column":24},"end":{"line":48,"column":19}}]},"7":{"type":"branch","line":48,"loc":{"start":{"line":48,"column":13},"end":{"line":51,"column":20}},"locations":[{"start":{"line":48,"column":13},"end":{"line":51,"column":20}}]},"8":{"type":"branch","line":49,"loc":{"start":{"line":49,"column":8},"end":{"line":50,"column":22}},"locations":[{"start":{"line":49,"column":8},"end":{"line":50,"column":22}}]},"9":{"type":"branch","line":50,"loc":{"start":{"line":50,"column":15},"end":{"line":51,"column":20}},"locations":[{"start":{"line":50,"column":15},"end":{"line":51,"column":20}}]},"10":{"type":"branch","line":55,"loc":{"start":{"line":55,"column":9},"end":{"line":58,"column":18}},"locations":[{"start":{"line":55,"column":9},"end":{"line":58,"column":18}}]},"11":{"type":"branch","line":83,"loc":{"start":{"line":83,"column":9},"end":{"line":83,"column":34}},"locations":[{"start":{"line":83,"column":9},"end":{"line":83,"column":34}}]},"12":{"type":"branch","line":83,"loc":{"start":{"line":83,"column":24},"end":{"line":86,"column":16}},"locations":[{"start":{"line":83,"column":24},"end":{"line":86,"column":16}}]},"13":{"type":"branch","line":88,"loc":{"start":{"line":88,"column":9},"end":{"line":91,"column":16}},"locations":[{"start":{"line":88,"column":9},"end":{"line":91,"column":16}}]},"14":{"type":"branch","line":69,"loc":{"start":{"line":69,"column":25},"end":{"line":76,"column":23}},"locations":[{"start":{"line":69,"column":25},"end":{"line":76,"column":23}}]}},"b":{"0":[15],"1":[5],"2":[1],"3":[14],"4":[1],"5":[14],"6":[1],"7":[14],"8":[1],"9":[13],"10":[6],"11":[1],"12":[1],"13":[1],"14":[40]},"fnMap":{},"f":{}}
,"/Users/guidotapia/Documents/proyectos/rimac-frontend-challenge/src/components/hyperlink/hyperlink.tsx": {"path":"/Users/guidotapia/Documents/proyectos/rimac-frontend-challenge/src/components/hyperlink/hyperlink.tsx","all":false,"statementMap":{"0":{"start":{"line":1,"column":0},"end":{"line":1,"column":26}},"1":{"start":{"line":2,"column":0},"end":{"line":2,"column":45}},"14":{"start":{"line":15,"column":0},"end":{"line":15,"column":46}},"15":{"start":{"line":16,"column":0},"end":{"line":16,"column":11}},"16":{"start":{"line":17,"column":0},"end":{"line":17,"column":22}},"17":{"start":{"line":18,"column":0},"end":{"line":18,"column":14}},"18":{"start":{"line":19,"column":0},"end":{"line":19,"column":11}},"19":{"start":{"line":20,"column":0},"end":{"line":20,"column":20}},"20":{"start":{"line":21,"column":0},"end":{"line":21,"column":12}},"21":{"start":{"line":22,"column":0},"end":{"line":22,"column":9}},"22":{"start":{"line":23,"column":0},"end":{"line":23,"column":7}},"23":{"start":{"line":24,"column":0},"end":{"line":24,"column":19}},"24":{"start":{"line":25,"column":0},"end":{"line":25,"column":21}},"25":{"start":{"line":26,"column":0},"end":{"line":26,"column":36}},"26":{"start":{"line":27,"column":0},"end":{"line":27,"column":33}},"27":{"start":{"line":28,"column":0},"end":{"line":28,"column":52}},"28":{"start":{"line":29,"column":0},"end":{"line":29,"column":14}},"29":{"start":{"line":30,"column":0},"end":{"line":30,"column":3}},"30":{"start":{"line":31,"column":0},"end":{"line":31,"column":20}},"31":{"start":{"line":32,"column":0},"end":{"line":32,"column":15}},"33":{"start":{"line":34,"column":0},"end":{"line":34,"column":10}},"34":{"start":{"line":35,"column":0},"end":{"line":35,"column":6}},"35":{"start":{"line":36,"column":0},"end":{"line":36,"column":25}},"36":{"start":{"line":37,"column":0},"end":{"line":37,"column":48}},"37":{"start":{"line":38,"column":0},"end":{"line":38,"column":55}},"38":{"start":{"line":39,"column":0},"end":{"line":39,"column":15}},"40":{"start":{"line":41,"column":0},"end":{"line":41,"column":68}},"41":{"start":{"line":42,"column":0},"end":{"line":42,"column":20}},"42":{"start":{"line":43,"column":0},"end":{"line":43,"column":64}},"44":{"start":{"line":45,"column":0},"end":{"line":45,"column":15}},"46":{"start":{"line":47,"column":0},"end":{"line":47,"column":8}},"48":{"start":{"line":49,"column":0},"end":{"line":49,"column":2}},"50":{"start":{"line":51,"column":0},"end":{"line":51,"column":25}}},"s":{"0":1,"1":1,"14":1,"15":12,"16":12,"17":12,"18":12,"19":12,"20":12,"21":12,"22":12,"23":12,"24":12,"25":12,"26":12,"27":12,"28":12,"29":12,"30":12,"31":12,"33":12,"34":12,"35":12,"36":12,"37":12,"38":12,"40":12,"41":12,"42":1,"44":1,"46":12,"48":12,"50":1},"branchMap":{"0":{"type":"branch","line":15,"loc":{"start":{"line":15,"column":44},"end":{"line":49,"column":2}},"locations":[{"start":{"line":15,"column":44},"end":{"line":49,"column":2}}]},"1":{"type":"branch","line":28,"loc":{"start":{"line":28,"column":4},"end":{"line":28,"column":49}},"locations":[{"start":{"line":28,"column":4},"end":{"line":28,"column":49}}]},"2":{"type":"branch","line":28,"loc":{"start":{"line":28,"column":45},"end":{"line":28,"column":52}},"locations":[{"start":{"line":28,"column":45},"end":{"line":28,"column":52}}]},"3":{"type":"branch","line":37,"loc":{"start":{"line":37,"column":14},"end":{"line":37,"column":36}},"locations":[{"start":{"line":37,"column":14},"end":{"line":37,"column":36}}]},"4":{"type":"branch","line":37,"loc":{"start":{"line":37,"column":25},"end":{"line":37,"column":48}},"locations":[{"start":{"line":37,"column":25},"end":{"line":37,"column":48}}]},"5":{"type":"branch","line":38,"loc":{"start":{"line":38,"column":11},"end":{"line":38,"column":46}},"locations":[{"start":{"line":38,"column":11},"end":{"line":38,"column":46}}]},"6":{"type":"branch","line":38,"loc":{"start":{"line":38,"column":22},"end":{"line":38,"column":55}},"locations":[{"start":{"line":38,"column":22},"end":{"line":38,"column":55}}]},"7":{"type":"branch","line":42,"loc":{"start":{"line":42,"column":7},"end":{"line":45,"column":15}},"locations":[{"start":{"line":42,"column":7},"end":{"line":45,"column":15}}]}},"b":{"0":[12],"1":[1],"2":[11],"3":[1],"4":[11],"5":[1],"6":[11],"7":[1]},"fnMap":{"0":{"name":"Hyperlink","decl":{"start":{"line":15,"column":44},"end":{"line":49,"column":2}},"loc":{"start":{"line":15,"column":44},"end":{"line":49,"column":2}},"line":15}},"f":{"0":12}}
,"/Users/guidotapia/Documents/proyectos/rimac-frontend-challenge/src/components/pagination/pagination.tsx": {"path":"/Users/guidotapia/Documents/proyectos/rimac-frontend-challenge/src/components/pagination/pagination.tsx","all":false,"statementMap":{"0":{"start":{"line":1,"column":0},"end":{"line":1,"column":26}},"1":{"start":{"line":2,"column":0},"end":{"line":2,"column":46}},"12":{"start":{"line":13,"column":0},"end":{"line":13,"column":45}},"13":{"start":{"line":14,"column":0},"end":{"line":14,"column":63}},"15":{"start":{"line":16,"column":0},"end":{"line":16,"column":48}},"16":{"start":{"line":17,"column":0},"end":{"line":17,"column":14}},"17":{"start":{"line":18,"column":0},"end":{"line":18,"column":13}},"18":{"start":{"line":19,"column":0},"end":{"line":19,"column":15}},"19":{"start":{"line":20,"column":0},"end":{"line":20,"column":19}},"20":{"start":{"line":21,"column":0},"end":{"line":21,"column":12}},"21":{"start":{"line":22,"column":0},"end":{"line":22,"column":19}},"22":{"start":{"line":23,"column":0},"end":{"line":23,"column":7}},"23":{"start":{"line":24,"column":0},"end":{"line":24,"column":56}},"24":{"start":{"line":25,"column":0},"end":{"line":25,"column":63}},"25":{"start":{"line":26,"column":0},"end":{"line":26,"column":34}},"27":{"start":{"line":28,"column":0},"end":{"line":28,"column":29}},"28":{"start":{"line":29,"column":0},"end":{"line":29,"column":68}},"29":{"start":{"line":30,"column":0},"end":{"line":30,"column":22}},"30":{"start":{"line":31,"column":0},"end":{"line":31,"column":4}},"32":{"start":{"line":33,"column":0},"end":{"line":33,"column":10}},"33":{"start":{"line":34,"column":0},"end":{"line":34,"column":8}},"34":{"start":{"line":35,"column":0},"end":{"line":35,"column":18}},"35":{"start":{"line":36,"column":0},"end":{"line":36,"column":26}},"36":{"start":{"line":37,"column":0},"end":{"line":37,"column":55}},"37":{"start":{"line":38,"column":0},"end":{"line":38,"column":18}},"38":{"start":{"line":39,"column":0},"end":{"line":39,"column":7}},"39":{"start":{"line":40,"column":0},"end":{"line":40,"column":24}},"40":{"start":{"line":41,"column":0},"end":{"line":41,"column":19}},"41":{"start":{"line":42,"column":0},"end":{"line":42,"column":29}},"43":{"start":{"line":44,"column":0},"end":{"line":44,"column":13}},"44":{"start":{"line":45,"column":0},"end":{"line":45,"column":46}},"45":{"start":{"line":46,"column":0},"end":{"line":46,"column":43}},"46":{"start":{"line":47,"column":0},"end":{"line":47,"column":48}},"47":{"start":{"line":48,"column":0},"end":{"line":48,"column":29}},"48":{"start":{"line":49,"column":0},"end":{"line":49,"column":7}},"50":{"start":{"line":51,"column":0},"end":{"line":51,"column":15}},"52":{"start":{"line":53,"column":0},"end":{"line":53,"column":11}},"53":{"start":{"line":54,"column":0},"end":{"line":54,"column":34}},"54":{"start":{"line":55,"column":0},"end":{"line":55,"column":12}},"56":{"start":{"line":57,"column":0},"end":{"line":57,"column":13}},"57":{"start":{"line":58,"column":0},"end":{"line":58,"column":46}},"58":{"start":{"line":59,"column":0},"end":{"line":59,"column":43}},"59":{"start":{"line":60,"column":0},"end":{"line":60,"column":57}},"60":{"start":{"line":61,"column":0},"end":{"line":61,"column":25}},"61":{"start":{"line":62,"column":0},"end":{"line":62,"column":7}},"63":{"start":{"line":64,"column":0},"end":{"line":64,"column":15}},"64":{"start":{"line":65,"column":0},"end":{"line":65,"column":10}},"66":{"start":{"line":67,"column":0},"end":{"line":67,"column":2}},"68":{"start":{"line":69,"column":0},"end":{"line":69,"column":26}}},"s":{"0":1,"1":1,"12":1,"13":5,"15":1,"16":5,"17":5,"18":5,"19":5,"20":5,"21":5,"22":5,"23":5,"24":5,"25":5,"27":5,"28":0,"29":0,"30":0,"32":5,"33":5,"34":5,"35":5,"36":5,"37":5,"38":5,"39":5,"40":5,"41":5,"43":5,"44":5,"45":5,"46":5,"47":5,"48":5,"50":5,"52":5,"53":5,"54":5,"56":5,"57":5,"58":5,"59":5,"60":5,"61":5,"63":5,"64":5,"66":5,"68":1},"branchMap":{"0":{"type":"branch","line":13,"loc":{"start":{"line":13,"column":14},"end":{"line":14,"column":63}},"locations":[{"start":{"line":13,"column":14},"end":{"line":14,"column":63}}]},"1":{"type":"branch","line":14,"loc":{"start":{"line":14,"column":42},"end":{"line":14,"column":61}},"locations":[{"start":{"line":14,"column":42},"end":{"line":14,"column":61}}]},"2":{"type":"branch","line":16,"loc":{"start":{"line":16,"column":46},"end":{"line":67,"column":2}},"locations":[{"start":{"line":16,"column":46},"end":{"line":67,"column":2}}]},"3":{"type":"branch","line":37,"loc":{"start":{"line":37,"column":8},"end":{"line":37,"column":52}},"locations":[{"start":{"line":37,"column":8},"end":{"line":37,"column":52}}]}},"b":{"0":[5],"1":[10],"2":[5],"3":[0]},"fnMap":{"0":{"name":"range","decl":{"start":{"line":13,"column":14},"end":{"line":14,"column":63}},"loc":{"start":{"line":13,"column":14},"end":{"line":14,"column":63}},"line":13},"1":{"name":"Pagination","decl":{"start":{"line":16,"column":46},"end":{"line":67,"column":2}},"loc":{"start":{"line":16,"column":46},"end":{"line":67,"column":2}},"line":16},"2":{"name":"go","decl":{"start":{"line":28,"column":13},"end":{"line":31,"column":4}},"loc":{"start":{"line":28,"column":13},"end":{"line":31,"column":4}},"line":28},"3":{"name":"onClick","decl":{"start":{"line":46,"column":17},"end":{"line":46,"column":43}},"loc":{"start":{"line":46,"column":17},"end":{"line":46,"column":43}},"line":46},"4":{"name":"onClick","decl":{"start":{"line":59,"column":17},"end":{"line":59,"column":43}},"loc":{"start":{"line":59,"column":17},"end":{"line":59,"column":43}},"line":59}},"f":{"0":5,"1":5,"2":0,"3":0,"4":0}}
,"/Users/guidotapia/Documents/proyectos/rimac-frontend-challenge/src/components/stepper/stepper.tsx": {"path":"/Users/guidotapia/Documents/proyectos/rimac-frontend-challenge/src/components/stepper/stepper.tsx","all":false,"statementMap":{"0":{"start":{"line":1,"column":0},"end":{"line":1,"column":26}},"1":{"start":{"line":2,"column":0},"end":{"line":2,"column":43}},"16":{"start":{"line":17,"column":0},"end":{"line":17,"column":42}},"17":{"start":{"line":18,"column":0},"end":{"line":18,"column":8}},"18":{"start":{"line":19,"column":0},"end":{"line":19,"column":14}},"19":{"start":{"line":20,"column":0},"end":{"line":20,"column":12}},"20":{"start":{"line":21,"column":0},"end":{"line":21,"column":20}},"21":{"start":{"line":22,"column":0},"end":{"line":22,"column":14}},"22":{"start":{"line":23,"column":0},"end":{"line":23,"column":7}},"23":{"start":{"line":24,"column":0},"end":{"line":24,"column":10}},"24":{"start":{"line":25,"column":0},"end":{"line":25,"column":74}},"25":{"start":{"line":26,"column":0},"end":{"line":26,"column":46}},"26":{"start":{"line":27,"column":0},"end":{"line":27,"column":21}},"27":{"start":{"line":28,"column":0},"end":{"line":28,"column":33}},"28":{"start":{"line":29,"column":0},"end":{"line":29,"column":25}},"29":{"start":{"line":30,"column":0},"end":{"line":30,"column":39}},"30":{"start":{"line":31,"column":0},"end":{"line":31,"column":24}},"31":{"start":{"line":32,"column":0},"end":{"line":32,"column":26}},"33":{"start":{"line":34,"column":0},"end":{"line":34,"column":27}},"34":{"start":{"line":35,"column":0},"end":{"line":35,"column":31}},"35":{"start":{"line":36,"column":0},"end":{"line":36,"column":44}},"36":{"start":{"line":37,"column":0},"end":{"line":37,"column":62}},"37":{"start":{"line":38,"column":0},"end":{"line":38,"column":9}},"38":{"start":{"line":39,"column":0},"end":{"line":39,"column":26}},"39":{"start":{"line":40,"column":0},"end":{"line":40,"column":21}},"41":{"start":{"line":42,"column":0},"end":{"line":42,"column":30}},"42":{"start":{"line":43,"column":0},"end":{"line":43,"column":34}},"43":{"start":{"line":44,"column":0},"end":{"line":44,"column":47}},"44":{"start":{"line":45,"column":0},"end":{"line":45,"column":9}},"45":{"start":{"line":46,"column":0},"end":{"line":46,"column":26}},"46":{"start":{"line":47,"column":0},"end":{"line":47,"column":21}},"48":{"start":{"line":49,"column":0},"end":{"line":49,"column":35}},"49":{"start":{"line":50,"column":0},"end":{"line":50,"column":63}},"50":{"start":{"line":51,"column":0},"end":{"line":51,"column":10}},"52":{"start":{"line":53,"column":0},"end":{"line":53,"column":16}},"53":{"start":{"line":54,"column":0},"end":{"line":54,"column":12}},"54":{"start":{"line":55,"column":0},"end":{"line":55,"column":15}},"55":{"start":{"line":56,"column":0},"end":{"line":56,"column":37}},"56":{"start":{"line":57,"column":0},"end":{"line":57,"column":35}},"57":{"start":{"line":58,"column":0},"end":{"line":58,"column":35}},"59":{"start":{"line":60,"column":0},"end":{"line":60,"column":67}},"60":{"start":{"line":61,"column":0},"end":{"line":61,"column":31}},"61":{"start":{"line":62,"column":0},"end":{"line":62,"column":21}},"62":{"start":{"line":63,"column":0},"end":{"line":63,"column":80}},"63":{"start":{"line":64,"column":0},"end":{"line":64,"column":40}},"64":{"start":{"line":65,"column":0},"end":{"line":65,"column":59}},"65":{"start":{"line":66,"column":0},"end":{"line":66,"column":40}},"66":{"start":{"line":67,"column":0},"end":{"line":67,"column":23}},"68":{"start":{"line":69,"column":0},"end":{"line":69,"column":17}},"69":{"start":{"line":70,"column":0},"end":{"line":70,"column":46}},"70":{"start":{"line":71,"column":0},"end":{"line":71,"column":50}},"72":{"start":{"line":73,"column":0},"end":{"line":73,"column":13}},"74":{"start":{"line":75,"column":0},"end":{"line":75,"column":9}},"75":{"start":{"line":76,"column":0},"end":{"line":76,"column":9}},"77":{"start":{"line":78,"column":0},"end":{"line":78,"column":2}},"79":{"start":{"line":80,"column":0},"end":{"line":80,"column":23}}},"s":{"0":1,"1":1,"16":1,"17":13,"18":13,"19":13,"20":13,"21":13,"22":13,"23":13,"24":13,"25":13,"26":34,"27":34,"28":13,"29":21,"30":13,"31":8,"33":34,"34":34,"35":34,"36":34,"37":34,"38":34,"39":34,"41":34,"42":34,"43":34,"44":34,"45":34,"46":34,"48":34,"49":4,"50":4,"52":34,"53":34,"54":34,"55":34,"56":34,"57":34,"59":34,"60":34,"61":34,"62":34,"63":34,"64":8,"65":8,"66":8,"68":34,"69":34,"70":21,"72":34,"74":13,"75":13,"77":13,"79":1},"branchMap":{"0":{"type":"branch","line":17,"loc":{"start":{"line":17,"column":40},"end":{"line":78,"column":2}},"locations":[{"start":{"line":17,"column":40},"end":{"line":78,"column":2}}]},"1":{"type":"branch","line":26,"loc":{"start":{"line":26,"column":17},"end":{"line":75,"column":7}},"locations":[{"start":{"line":26,"column":17},"end":{"line":75,"column":7}}]},"2":{"type":"branch","line":28,"loc":{"start":{"line":28,"column":22},"end":{"line":29,"column":25}},"locations":[{"start":{"line":28,"column":22},"end":{"line":29,"column":25}}]},"3":{"type":"branch","line":29,"loc":{"start":{"line":29,"column":14},"end":{"line":32,"column":26}},"locations":[{"start":{"line":29,"column":14},"end":{"line":32,"column":26}}]},"4":{"type":"branch","line":30,"loc":{"start":{"line":30,"column":28},"end":{"line":31,"column":24}},"locations":[{"start":{"line":30,"column":28},"end":{"line":31,"column":24}}]},"5":{"type":"branch","line":31,"loc":{"start":{"line":31,"column":16},"end":{"line":32,"column":26}},"locations":[{"start":{"line":31,"column":16},"end":{"line":32,"column":26}}]},"6":{"type":"branch","line":37,"loc":{"start":{"line":37,"column":10},"end":{"line":37,"column":59}},"locations":[{"start":{"line":37,"column":10},"end":{"line":37,"column":59}}]},"7":{"type":"branch","line":37,"loc":{"start":{"line":37,"column":55},"end":{"line":37,"column":62}},"locations":[{"start":{"line":37,"column":55},"end":{"line":37,"column":62}}]},"8":{"type":"branch","line":64,"loc":{"start":{"line":64,"column":27},"end":{"line":67,"column":23}},"locations":[{"start":{"line":64,"column":27},"end":{"line":67,"column":23}}]},"9":{"type":"branch","line":70,"loc":{"start":{"line":70,"column":40},"end":{"line":71,"column":50}},"locations":[{"start":{"line":70,"column":40},"end":{"line":71,"column":50}}]},"10":{"type":"branch","line":49,"loc":{"start":{"line":49,"column":28},"end":{"line":51,"column":10}},"locations":[{"start":{"line":49,"column":28},"end":{"line":51,"column":10}}]},"11":{"type":"branch","line":50,"loc":{"start":{"line":50,"column":14},"end":{"line":50,"column":40}},"locations":[{"start":{"line":50,"column":14},"end":{"line":50,"column":40}}]},"12":{"type":"branch","line":50,"loc":{"start":{"line":50,"column":40},"end":{"line":50,"column":63}},"locations":[{"start":{"line":50,"column":40},"end":{"line":50,"column":63}}]}},"b":{"0":[13],"1":[34],"2":[13],"3":[21],"4":[13],"5":[8],"6":[3],"7":[31],"8":[8],"9":[21],"10":[4],"11":[3],"12":[3]},"fnMap":{"0":{"name":"Stepper","decl":{"start":{"line":17,"column":40},"end":{"line":78,"column":2}},"loc":{"start":{"line":17,"column":40},"end":{"line":78,"column":2}},"line":17},"1":{"name":"handleClick","decl":{"start":{"line":49,"column":28},"end":{"line":51,"column":10}},"loc":{"start":{"line":49,"column":28},"end":{"line":51,"column":10}},"line":49}},"f":{"0":13,"1":4}}
,"/Users/guidotapia/Documents/proyectos/rimac-frontend-challenge/src/components/text-button/text-button.tsx": {"path":"/Users/guidotapia/Documents/proyectos/rimac-frontend-challenge/src/components/text-button/text-button.tsx","all":false,"statementMap":{"0":{"start":{"line":1,"column":0},"end":{"line":1,"column":26}},"1":{"start":{"line":2,"column":0},"end":{"line":2,"column":47}},"13":{"start":{"line":14,"column":0},"end":{"line":14,"column":48}},"14":{"start":{"line":15,"column":0},"end":{"line":15,"column":11}},"15":{"start":{"line":16,"column":0},"end":{"line":16,"column":22}},"16":{"start":{"line":17,"column":0},"end":{"line":17,"column":14}},"17":{"start":{"line":18,"column":0},"end":{"line":18,"column":20}},"18":{"start":{"line":19,"column":0},"end":{"line":19,"column":12}},"19":{"start":{"line":20,"column":0},"end":{"line":20,"column":9}},"20":{"start":{"line":21,"column":0},"end":{"line":21,"column":7}},"21":{"start":{"line":22,"column":0},"end":{"line":22,"column":19}},"22":{"start":{"line":23,"column":0},"end":{"line":23,"column":22}},"23":{"start":{"line":24,"column":0},"end":{"line":24,"column":37}},"24":{"start":{"line":25,"column":0},"end":{"line":25,"column":34}},"25":{"start":{"line":26,"column":0},"end":{"line":26,"column":53}},"26":{"start":{"line":27,"column":0},"end":{"line":27,"column":14}},"27":{"start":{"line":28,"column":0},"end":{"line":28,"column":3}},"28":{"start":{"line":29,"column":0},"end":{"line":29,"column":20}},"29":{"start":{"line":30,"column":0},"end":{"line":30,"column":15}},"31":{"start":{"line":32,"column":0},"end":{"line":32,"column":10}},"32":{"start":{"line":33,"column":0},"end":{"line":33,"column":42}},"33":{"start":{"line":34,"column":0},"end":{"line":34,"column":69}},"34":{"start":{"line":35,"column":0},"end":{"line":35,"column":13}},"36":{"start":{"line":37,"column":0},"end":{"line":37,"column":2}},"38":{"start":{"line":39,"column":0},"end":{"line":39,"column":26}}},"s":{"0":1,"1":1,"13":1,"14":7,"15":7,"16":7,"17":7,"18":7,"19":7,"20":7,"21":7,"22":7,"23":7,"24":7,"25":7,"26":7,"27":7,"28":7,"29":7,"31":7,"32":7,"33":7,"34":7,"36":7,"38":1},"branchMap":{"0":{"type":"branch","line":14,"loc":{"start":{"line":14,"column":46},"end":{"line":37,"column":2}},"locations":[{"start":{"line":14,"column":46},"end":{"line":37,"column":2}}]},"1":{"type":"branch","line":26,"loc":{"start":{"line":26,"column":4},"end":{"line":26,"column":50}},"locations":[{"start":{"line":26,"column":4},"end":{"line":26,"column":50}}]},"2":{"type":"branch","line":26,"loc":{"start":{"line":26,"column":46},"end":{"line":26,"column":53}},"locations":[{"start":{"line":26,"column":46},"end":{"line":26,"column":53}}]}},"b":{"0":[7],"1":[1],"2":[6]},"fnMap":{"0":{"name":"TextButton","decl":{"start":{"line":14,"column":46},"end":{"line":37,"column":2}},"loc":{"start":{"line":14,"column":46},"end":{"line":37,"column":2}},"line":14}},"f":{"0":7}}
,"/Users/guidotapia/Documents/proyectos/rimac-frontend-challenge/src/components/text-input/text-input.tsx": {"path":"/Users/guidotapia/Documents/proyectos/rimac-frontend-challenge/src/components/text-input/text-input.tsx","all":false,"statementMap":{"0":{"start":{"line":1,"column":0},"end":{"line":1,"column":26}},"1":{"start":{"line":2,"column":0},"end":{"line":2,"column":46}},"14":{"start":{"line":15,"column":0},"end":{"line":15,"column":69}},"15":{"start":{"line":16,"column":0},"end":{"line":16,"column":3}},"16":{"start":{"line":17,"column":0},"end":{"line":17,"column":5}},"17":{"start":{"line":18,"column":0},"end":{"line":18,"column":12}},"18":{"start":{"line":19,"column":0},"end":{"line":19,"column":17}},"19":{"start":{"line":20,"column":0},"end":{"line":20,"column":12}},"20":{"start":{"line":21,"column":0},"end":{"line":21,"column":18}},"21":{"start":{"line":22,"column":0},"end":{"line":22,"column":24}},"22":{"start":{"line":23,"column":0},"end":{"line":23,"column":16}},"23":{"start":{"line":24,"column":0},"end":{"line":24,"column":13}},"24":{"start":{"line":25,"column":0},"end":{"line":25,"column":6}},"25":{"start":{"line":26,"column":0},"end":{"line":26,"column":7}},"26":{"start":{"line":27,"column":0},"end":{"line":27,"column":8}},"27":{"start":{"line":28,"column":0},"end":{"line":28,"column":25}},"28":{"start":{"line":29,"column":0},"end":{"line":29,"column":23}},"29":{"start":{"line":30,"column":0},"end":{"line":30,"column":35}},"30":{"start":{"line":31,"column":0},"end":{"line":31,"column":54}},"31":{"start":{"line":32,"column":0},"end":{"line":32,"column":46}},"32":{"start":{"line":33,"column":0},"end":{"line":33,"column":16}},"33":{"start":{"line":34,"column":0},"end":{"line":34,"column":5}},"34":{"start":{"line":35,"column":0},"end":{"line":35,"column":22}},"35":{"start":{"line":36,"column":0},"end":{"line":36,"column":17}},"37":{"start":{"line":38,"column":0},"end":{"line":38,"column":73}},"38":{"start":{"line":39,"column":0},"end":{"line":39,"column":29}},"39":{"start":{"line":40,"column":0},"end":{"line":40,"column":19}},"40":{"start":{"line":41,"column":0},"end":{"line":41,"column":18}},"41":{"start":{"line":42,"column":0},"end":{"line":42,"column":22}},"42":{"start":{"line":43,"column":0},"end":{"line":43,"column":20}},"44":{"start":{"line":45,"column":0},"end":{"line":45,"column":12}},"45":{"start":{"line":46,"column":0},"end":{"line":46,"column":35}},"46":{"start":{"line":47,"column":0},"end":{"line":47,"column":19}},"47":{"start":{"line":48,"column":0},"end":{"line":48,"column":69}},"48":{"start":{"line":49,"column":0},"end":{"line":49,"column":19}},"49":{"start":{"line":50,"column":0},"end":{"line":50,"column":18}},"51":{"start":{"line":52,"column":0},"end":{"line":52,"column":14}},"52":{"start":{"line":53,"column":0},"end":{"line":53,"column":19}},"53":{"start":{"line":54,"column":0},"end":{"line":54,"column":17}},"54":{"start":{"line":55,"column":0},"end":{"line":55,"column":48}},"55":{"start":{"line":56,"column":0},"end":{"line":56,"column":32}},"56":{"start":{"line":57,"column":0},"end":{"line":57,"column":40}},"57":{"start":{"line":58,"column":0},"end":{"line":58,"column":19}},"58":{"start":{"line":59,"column":0},"end":{"line":59,"column":10}},"59":{"start":{"line":60,"column":0},"end":{"line":60,"column":34}},"60":{"start":{"line":61,"column":0},"end":{"line":61,"column":73}},"61":{"start":{"line":62,"column":0},"end":{"line":62,"column":24}},"62":{"start":{"line":63,"column":0},"end":{"line":63,"column":16}},"64":{"start":{"line":65,"column":0},"end":{"line":65,"column":19}},"65":{"start":{"line":66,"column":0},"end":{"line":66,"column":71}},"66":{"start":{"line":67,"column":0},"end":{"line":67,"column":19}},"67":{"start":{"line":68,"column":0},"end":{"line":68,"column":16}},"69":{"start":{"line":70,"column":0},"end":{"line":70,"column":12}},"71":{"start":{"line":72,"column":0},"end":{"line":72,"column":3}},"72":{"start":{"line":73,"column":0},"end":{"line":73,"column":2}},"74":{"start":{"line":75,"column":0},"end":{"line":75,"column":36}},"75":{"start":{"line":76,"column":0},"end":{"line":76,"column":25}}},"s":{"0":1,"1":1,"14":1,"15":1,"16":15,"17":15,"18":15,"19":15,"20":15,"21":15,"22":15,"23":15,"24":15,"25":15,"26":15,"27":15,"28":15,"29":15,"30":15,"31":15,"32":15,"33":15,"34":15,"35":15,"37":15,"38":15,"39":1,"40":14,"41":1,"42":13,"44":15,"45":15,"46":15,"47":6,"48":6,"49":6,"51":15,"52":15,"53":15,"54":15,"55":15,"56":15,"57":15,"58":15,"59":15,"60":1,"61":1,"62":1,"64":15,"65":1,"66":1,"67":1,"69":15,"71":15,"72":1,"74":1,"75":1},"branchMap":{"0":{"type":"branch","line":16,"loc":{"start":{"line":16,"column":2},"end":{"line":72,"column":3}},"locations":[{"start":{"line":16,"column":2},"end":{"line":72,"column":3}}]},"1":{"type":"branch","line":31,"loc":{"start":{"line":31,"column":6},"end":{"line":31,"column":51}},"locations":[{"start":{"line":31,"column":6},"end":{"line":31,"column":51}}]},"2":{"type":"branch","line":31,"loc":{"start":{"line":31,"column":47},"end":{"line":31,"column":54}},"locations":[{"start":{"line":31,"column":47},"end":{"line":31,"column":54}}]},"3":{"type":"branch","line":32,"loc":{"start":{"line":32,"column":6},"end":{"line":32,"column":43}},"locations":[{"start":{"line":32,"column":6},"end":{"line":32,"column":43}}]},"4":{"type":"branch","line":32,"loc":{"start":{"line":32,"column":39},"end":{"line":32,"column":46}},"locations":[{"start":{"line":32,"column":39},"end":{"line":32,"column":46}}]},"5":{"type":"branch","line":38,"loc":{"start":{"line":38,"column":20},"end":{"line":38,"column":73}},"locations":[{"start":{"line":38,"column":20},"end":{"line":38,"column":73}}]},"6":{"type":"branch","line":39,"loc":{"start":{"line":39,"column":24},"end":{"line":40,"column":19}},"locations":[{"start":{"line":39,"column":24},"end":{"line":40,"column":19}}]},"7":{"type":"branch","line":40,"loc":{"start":{"line":40,"column":13},"end":{"line":43,"column":20}},"locations":[{"start":{"line":40,"column":13},"end":{"line":43,"column":20}}]},"8":{"type":"branch","line":41,"loc":{"start":{"line":41,"column":8},"end":{"line":42,"column":22}},"locations":[{"start":{"line":41,"column":8},"end":{"line":42,"column":22}}]},"9":{"type":"branch","line":42,"loc":{"start":{"line":42,"column":15},"end":{"line":43,"column":20}},"locations":[{"start":{"line":42,"column":15},"end":{"line":43,"column":20}}]},"10":{"type":"branch","line":47,"loc":{"start":{"line":47,"column":9},"end":{"line":50,"column":18}},"locations":[{"start":{"line":47,"column":9},"end":{"line":50,"column":18}}]},"11":{"type":"branch","line":60,"loc":{"start":{"line":60,"column":9},"end":{"line":60,"column":34}},"locations":[{"start":{"line":60,"column":9},"end":{"line":60,"column":34}}]},"12":{"type":"branch","line":60,"loc":{"start":{"line":60,"column":24},"end":{"line":63,"column":16}},"locations":[{"start":{"line":60,"column":24},"end":{"line":63,"column":16}}]},"13":{"type":"branch","line":65,"loc":{"start":{"line":65,"column":9},"end":{"line":68,"column":16}},"locations":[{"start":{"line":65,"column":9},"end":{"line":68,"column":16}}]}},"b":{"0":[15],"1":[1],"2":[14],"3":[1],"4":[14],"5":[5],"6":[1],"7":[14],"8":[1],"9":[13],"10":[6],"11":[1],"12":[1],"13":[1]},"fnMap":{},"f":{}}
,"/Users/guidotapia/Documents/proyectos/rimac-frontend-challenge/src/config/api.ts": {"path":"/Users/guidotapia/Documents/proyectos/rimac-frontend-challenge/src/config/api.ts","all":false,"statementMap":{"0":{"start":{"line":1,"column":0},"end":{"line":1,"column":27}},"1":{"start":{"line":2,"column":0},"end":{"line":2,"column":46}},"2":{"start":{"line":3,"column":0},"end":{"line":3,"column":14}},"3":{"start":{"line":4,"column":0},"end":{"line":4,"column":27}},"4":{"start":{"line":5,"column":0},"end":{"line":5,"column":29}},"5":{"start":{"line":6,"column":0},"end":{"line":6,"column":4}},"6":{"start":{"line":7,"column":0},"end":{"line":7,"column":11}},"8":{"start":{"line":9,"column":0},"end":{"line":9,"column":26}},"9":{"start":{"line":10,"column":0},"end":{"line":10,"column":45}},"10":{"start":{"line":11,"column":0},"end":{"line":11,"column":14}},"11":{"start":{"line":12,"column":0},"end":{"line":12,"column":67}},"12":{"start":{"line":13,"column":0},"end":{"line":13,"column":2}}},"s":{"0":1,"1":1,"2":1,"3":1,"4":1,"5":1,"6":1,"8":1,"9":16,"10":16,"11":16,"12":16},"branchMap":{"0":{"type":"branch","line":9,"loc":{"start":{"line":9,"column":25},"end":{"line":13,"column":2}},"locations":[{"start":{"line":9,"column":25},"end":{"line":13,"column":2}}]}},"b":{"0":[16]},"fnMap":{"0":{"name":"getApiUrl","decl":{"start":{"line":9,"column":25},"end":{"line":13,"column":2}},"loc":{"start":{"line":9,"column":25},"end":{"line":13,"column":2}},"line":9}},"f":{"0":16}}
}
